#
# There is insufficient memory for the Java Runtime Environment to continue.
# Native memory allocation (mmap) failed to map 132120576 bytes for Failed to commit area from 0x0000000082200000 to 0x000000008a000000 of length 132120576.
# Possible reasons:
#   The system is out of physical RAM or swap space
#   The process is running with CompressedOops enabled, and the Java Heap may be blocking the growth of the native heap
# Possible solutions:
#   Reduce memory load on the system
#   Increase physical memory or swap space
#   Check if swap backing store is full
#   Decrease Java heap size (-Xmx/-Xms)
#   Decrease number of Java threads
#   Decrease Java thread stack sizes (-Xss)
#   Set larger code cache with -XX:ReservedCodeCacheSize=
# This output file may be truncated or incomplete.
#
#  Out of Memory Error (t:/workspace/open/src/hotspot/os/windows/os_windows.cpp:3301), pid=10188, tid=7620
#
# JRE version:  (13.0.2+8) (build )
# Java VM: Java HotSpot(TM) 64-Bit Server VM (13.0.2+8, mixed mode, aot, sharing, tiered, compressed oops, g1 gc, windows-amd64)
# No core dump will be written. Minidumps are not enabled by default on client versions of Windows
#

---------------  S U M M A R Y ------------

Command Line: -Dfile.encoding=MS949 Pigeon.PigeonDanGameMain

Host: Intel(R) Core(TM) i5-6200U CPU @ 2.30GHz, 4 cores, 7G,  Windows 10 , 64 bit Build 18362 (10.0.18362.1110)
Time: Fri Nov 20 21:30:52 2020 ´eCN¹I±¹ C￥AØ½A elapsed time: 0 seconds (0d 0h 0m 0s)

---------------  T H R E A D  ---------------

Current thread (0x000001f59799b000):  JavaThread "Unknown thread" [_thread_in_vm, id=7620, stack(0x0000002d0dc00000,0x0000002d0dd00000)]

Stack: [0x0000002d0dc00000,0x0000002d0dd00000]
Native frames: (J=compiled Java code, j=interpreted, Vv=VM code, C=native code)
V  [jvm.dll+0x624f9a]
V  [jvm.dll+0x770cfa]
V  [jvm.dll+0x7724af]
V  [jvm.dll+0x772ab3]
V  [jvm.dll+0x24bf08]
V  [jvm.dll+0x6222aa]
V  [jvm.dll+0x6170b5]
V  [jvm.dll+0x30a88c]
V  [jvm.dll+0x30a6c2]
V  [jvm.dll+0x30fe36]
V  [jvm.dll+0x353f46]
V  [jvm.dll+0x353720]
V  [jvm.dll+0x2e550a]
V  [jvm.dll+0x2e67a2]
V  [jvm.dll+0x74dd78]
V  [jvm.dll+0x361989]
V  [jvm.dll+0x730e65]
V  [jvm.dll+0x3cc53f]
V  [jvm.dll+0x3ce861]
C  [jli.dll+0x51ff]
C  [ucrtbase.dll+0x210b2]
C  [KERNEL32.DLL+0x17c24]
C  [ntdll.dll+0x6d4d1]


---------------  P R O C E S S  ---------------

Threads class SMR info:
_java_thread_list=0x00007ffe68ceccb8, length=0, elements={
}

Java Threads: ( => current thread )

Other Threads:
  0x000001f5979de000 GCTaskThread "GC Thread#0" [stack: 0x0000002d0dd00000,0x0000002d0de00000] [id=12780]
  0x000001f5979ef800 ConcurrentGCThread "G1 Main Marker" [stack: 0x0000002d0de00000,0x0000002d0df00000] [id=8184]
  0x000001f5979f2800 ConcurrentGCThread "G1 Conc#0" [stack: 0x0000002d0df00000,0x0000002d0e000000] [id=8512]

[error occurred during error reporting (printing all threads), id 0xc0000005, EXCEPTION_ACCESS_VIOLATION (0xc0000005) at pc=0x00007ffe685251d7]

VM state:not at safepoint (not fully initialized)

VM Mutex/Monitor currently owned by a thread:  ([mutex/lock_event])
[0x000001f5979970d0] Heap_lock - owner thread: 0x000001f59799b000

Heap address: 0x0000000082200000, size: 2014 MB, Compressed Oops mode: Non-zero based: 0x0000000082200000
Narrow klass base: 0x0000000000000000, Narrow klass shift: 0

GC Heap History (0 events):
No events

Deoptimization events (0 events):
No events

Classes unloaded (0 events):
No events

Classes redefined (0 events):
No events

Internal exceptions (0 events):
No events

Events (8 events):
Event: 0.017 Loaded shared library C:\Program Files\Java\jdk-13.0.2\bin\zip.dll
Event: 0.018 Loaded shared library C:\Program Files\Java\jdk-13.0.2\bin\jimage.dll
Event: 0.020 Loading shared library C:\Program Files\Java\jdk-13.0.2\lib\libjava.base-coop.dll failed, error code 126
Event: 0.022 Loading shared library C:\Program Files\Java\jdk-13.0.2\lib\libjava.logging-coop.dll failed, error code 126
Event: 0.022 Loading shared library C:\Program Files\Java\jdk-13.0.2\lib\libjdk.compiler-coop.dll failed, error code 126
Event: 0.023 Loading shared library C:\Program Files\Java\jdk-13.0.2\lib\libjdk.scripting.nashorn-coop.dll failed, error code 126
Event: 0.023 Loading shared library C:\Program Files\Java\jdk-13.0.2\lib\libjdk.internal.vm.ci-coop.dll failed, error code 126
Event: 0.023 Loading shared library C:\Program Files\Java\jdk-13.0.2\lib\libjdk.internal.vm.compiler-coop.dll failed, error code 126


Dynamic libraries:
0x00007ff6e98e0000 - 0x00007ff6e98ef000 	C:\Program Files\Java\jdk-13.0.2\bin\javaw.exe
0x00007ffea3c80000 - 0x00007ffea3e70000 	C:\WINDOWS\SYSTEM32\ntdll.dll
0x00007ffea3690000 - 0x00007ffea3742000 	C:\WINDOWS\System32\KERNEL32.DLL
0x00007ffea1a80000 - 0x00007ffea1d25000 	C:\WINDOWS\System32\KERNELBASE.dll
0x00007ffea0e70000 - 0x00007ffea0f6a000 	C:\WINDOWS\System32\ucrtbase.dll
0x00007ffe9afb0000 - 0x00007ffe9afc5000 	C:\Program Files\Java\jdk-13.0.2\bin\VCRUNTIME140.dll
0x00007ffe8d640000 - 0x00007ffe8d658000 	C:\Program Files\Java\jdk-13.0.2\bin\jli.dll
0x00007ffea2420000 - 0x00007ffea24c3000 	C:\WINDOWS\System32\ADVAPI32.dll
0x00007ffea2fb0000 - 0x00007ffea304e000 	C:\WINDOWS\System32\msvcrt.dll
0x00007ffea3ba0000 - 0x00007ffea3c37000 	C:\WINDOWS\System32\sechost.dll
0x00007ffea2ca0000 - 0x00007ffea2dc0000 	C:\WINDOWS\System32\RPCRT4.dll
0x00007ffea3270000 - 0x00007ffea3404000 	C:\WINDOWS\System32\USER32.dll
0x00007ffea0cd0000 - 0x00007ffea0cf1000 	C:\WINDOWS\System32\win32u.dll
0x00007ffea3750000 - 0x00007ffea3776000 	C:\WINDOWS\System32\GDI32.dll
0x00007ffea1150000 - 0x00007ffea12e6000 	C:\WINDOWS\System32\gdi32full.dll
0x00007ffe8b3e0000 - 0x00007ffe8b664000 	C:\WINDOWS\WinSxS\amd64_microsoft.windows.common-controls_6595b64144ccf1df_6.0.18362.1198_none_9e820b57e45ad92f\COMCTL32.dll
0x00007ffea0c00000 - 0x00007ffea0c9e000 	C:\WINDOWS\System32\msvcp_win.dll
0x00007ffea3780000 - 0x00007ffea3ab5000 	C:\WINDOWS\System32\combase.dll
0x00007ffea0fc0000 - 0x00007ffea1040000 	C:\WINDOWS\System32\bcryptPrimitives.dll
0x00007ffe95640000 - 0x00007ffe9564a000 	C:\WINDOWS\SYSTEM32\VERSION.dll
0x00007ffea2c70000 - 0x00007ffea2c9e000 	C:\WINDOWS\System32\IMM32.DLL
0x00007ffe836f0000 - 0x00007ffe8378b000 	C:\Program Files\Java\jdk-13.0.2\bin\msvcp140.dll
0x00007ffe68230000 - 0x00007ffe68d8d000 	C:\Program Files\Java\jdk-13.0.2\bin\server\jvm.dll
0x00007ffea2a30000 - 0x00007ffea2a38000 	C:\WINDOWS\System32\PSAPI.DLL
0x00007ffe9eaa0000 - 0x00007ffe9eac4000 	C:\WINDOWS\SYSTEM32\WINMM.dll
0x00007ffe8b000000 - 0x00007ffe8b009000 	C:\WINDOWS\SYSTEM32\WSOCK32.dll
0x00007ffea2ba0000 - 0x00007ffea2c0f000 	C:\WINDOWS\System32\WS2_32.dll
0x00007ffe9ea70000 - 0x00007ffe9ea9d000 	C:\WINDOWS\SYSTEM32\winmmbase.dll
0x00007ffea0f70000 - 0x00007ffea0fba000 	C:\WINDOWS\System32\cfgmgr32.dll
0x00007ffea0b40000 - 0x00007ffea0b51000 	C:\WINDOWS\System32\kernel.appcore.dll
0x00007ffe9d5d0000 - 0x00007ffe9d5e0000 	C:\Program Files\Java\jdk-13.0.2\bin\verify.dll
0x00007ffe986b0000 - 0x00007ffe988a4000 	C:\WINDOWS\SYSTEM32\DBGHELP.DLL
0x00007ffe97f90000 - 0x00007ffe97fba000 	C:\WINDOWS\SYSTEM32\dbgcore.DLL
0x00007ffe8d610000 - 0x00007ffe8d636000 	C:\Program Files\Java\jdk-13.0.2\bin\java.dll
0x00007ffe8d5b0000 - 0x00007ffe8d5c7000 	C:\Program Files\Java\jdk-13.0.2\bin\zip.dll
0x00007ffe9a330000 - 0x00007ffe9a33a000 	C:\Program Files\Java\jdk-13.0.2\bin\jimage.dll

dbghelp: loaded successfully - version: 4.0.5 - missing functions: none
symbol engine: initialized successfully - sym options: 0x614 - pdb path: .;C:\Program Files\Java\jdk-13.0.2\bin;C:\WINDOWS\SYSTEM32;C:\WINDOWS\WinSxS\amd64_microsoft.windows.common-controls_6595b64144ccf1df_6.0.18362.1198_none_9e820b57e45ad92f;C:\Program Files\Java\jdk-13.0.2\bin\server

VM Arguments:
jvm_args: -Dfile.encoding=MS949 
java_command: Pigeon.PigeonDanGameMain
java_class_path (initial): C:\Users\안성환\eclipse-workspace\PigeonDan\bin
Launcher Type: SUN_STANDARD

[Global flags]
     intx CICompilerCount                          = 3                                         {product} {ergonomic}
     uint ConcGCThreads                            = 1                                         {product} {ergonomic}
     uint G1ConcRefinementThreads                  = 4                                         {product} {ergonomic}
   size_t G1HeapRegionSize                         = 1048576                                   {product} {ergonomic}
    uintx GCDrainStackTargetSize                   = 64                                        {product} {ergonomic}
   size_t InitialHeapSize                          = 132120576                                 {product} {ergonomic}
   size_t MarkStackSize                            = 4194304                                   {product} {ergonomic}
   size_t MaxHeapSize                              = 2111832064                                {product} {ergonomic}
   size_t MinHeapDeltaBytes                        = 1048576                                   {product} {ergonomic}
   size_t MinHeapSize                              = 8388608                                   {product} {ergonomic}
    uintx NonNMethodCodeHeapSize                   = 5832780                                {pd product} {ergonomic}
    uintx NonProfiledCodeHeapSize                  = 122912730                              {pd product} {ergonomic}
    uintx ProfiledCodeHeapSize                     = 122912730                              {pd product} {ergonomic}
    uintx ReservedCodeCacheSize                    = 251658240                              {pd product} {ergonomic}
     bool SegmentedCodeCache                       = true                                      {product} {ergonomic}
   size_t SoftMaxHeapSize                          = 2111832064                             {manageable} {ergonomic}
     bool UseCompressedClassPointers               = true                                 {lp64_product} {ergonomic}
     bool UseCompressedOops                        = true                                 {lp64_product} {ergonomic}
     bool UseG1GC                                  = true                                      {product} {ergonomic}
     bool UseLargePagesIndividualAllocation        = false                                  {pd product} {ergonomic}

Logging:
Log output configuration:
 #0: stdout all=warning uptime,level,tags
 #1: stderr all=off uptime,level,tags

Environment Variables:
CLASSPATH=C:\Program Files\Java\jdk-13.0.2\lib
PATH=C:/Program Files/Java/java-1.8.0-openjdk-1.8.0.252-2.b09.ojdkbuild.windows.x86_64/bin/../jre/bin/server;C:/Program Files/Java/java-1.8.0-openjdk-1.8.0.252-2.b09.ojdkbuild.windows.x86_64/bin/../jre/bin;C:/Program Files/Java/java-1.8.0-openjdk-1.8.0.252-2.b09.ojdkbuild.windows.x86_64/bin/../jre/lib/amd64;C:\Program Files (x86)\Intel\iCLS Client\;C:\Program Files\Intel\iCLS Client\;C:\WINDOWS\system32;C:\WINDOWS;C:\WINDOWS\System32\Wbem;C:\WINDOWS\System32\WindowsPowerShell\v1.0\;C:\Program Files (x86)\Intel\Intel(R) Management Engine Components\DAL;C:\Program Files\Intel\Intel(R) Management Engine Components\DAL;C:\Program Files (x86)\Intel\Intel(R) Management Engine Components\IPT;C:\Program Files\Intel\Intel(R) Management Engine Components\IPT;C:\Program Files\Intel\WiFi\bin\;C:\Program Files\Common Files\Intel\WirelessCommon\;C:\WINDOWS\System32\OpenSSH\;C:\Program Files\dotnet\;C:\Program Files\Microsoft SQL Server\130\Tools\Binn\;C:\Program Files\Java\java-1.8.0-openjdk-1.8.0.252-2.b09.ojdkbuild.windows.x86_64\bin;C:\Program Files\Git\cmd;C:\mingw64\bin;C:\Users\안성환\AppData\Local\Microsoft\WindowsApps;C:\Users\안성환\AppData\Local\Programs\Microsoft VS Code\bin;C:\Users\안성환\AppData\Local\GitHubDesktop\bin;C:\Users\안성환\이클립스\eclipse-java-2020-03-R-win32-x86_64\eclipse;
USERNAME=dkstjdghks
OS=Windows_NT
PROCESSOR_IDENTIFIER=Intel64 Family 6 Model 78 Stepping 3, GenuineIntel



---------------  S Y S T E M  ---------------

OS: Windows 10 , 64 bit Build 18362 (10.0.18362.1110)

CPU:total 4 (initial active 4) (2 cores per cpu, 2 threads per core) family 6 model 78 stepping 3, cmov, cx8, fxsr, mmx, sse, sse2, sse3, ssse3, sse4.1, sse4.2, popcnt, avx, avx2, aes, clmul, erms, 3dnowpref, lzcnt, ht, tsc, tscinvbit, bmi1, bmi2, adx, fma

Memory: 4k page, system-wide physical 8055M (1960M free)
TotalPageFile size 14131M (AvailPageFile size 13M)
current process WorkingSet (physical memory assigned to process): 10M, peak: 10M
current process commit charge ("private bytes"): 52M, peak: 177M

vm_info: Java HotSpot(TM) 64-Bit Server VM (13.0.2+8) for windows-amd64 JRE (13.0.2+8), built on Dec 11 2019 09:20:33 by "mach5one" with unknown MS VC++:1916

END.
